{
  "stats": {
    "suites": 1,
    "tests": 1,
    "passes": 1,
    "pending": 0,
    "failures": 0,
    "start": "2025-09-06T10:20:55.901Z",
    "end": "2025-09-06T10:21:07.823Z",
    "duration": 11922,
    "testsRegistered": 1,
    "passPercent": 100,
    "pendingPercent": 0,
    "other": 0,
    "hasOther": false,
    "skipped": 0,
    "hasSkipped": false
  },
  "results": [
    {
      "uuid": "ddd7cb5e-fa7a-4763-980b-816b4d06253b",
      "title": "",
      "fullFile": "cypress\\e2e\\bptravelLogin.cy.js",
      "file": "cypress\\e2e\\bptravelLogin.cy.js",
      "beforeHooks": [],
      "afterHooks": [],
      "tests": [],
      "suites": [
        {
          "uuid": "2ed6f937-b1b4-4e89-bf73-c847b3da13ab",
          "title": "BP Travel Wesbite",
          "fullFile": "",
          "file": "",
          "beforeHooks": [],
          "afterHooks": [],
          "tests": [
            {
              "title": "Bp Travel Login",
              "fullTitle": "BP Travel Wesbite Bp Travel Login",
              "timedOut": null,
              "duration": 5568,
              "state": "passed",
              "speed": "medium",
              "pass": true,
              "fail": false,
              "pending": false,
              "context": null,
              "code": "cy.visit('https://bptravel.blueprism.com/');\ncy.get('#username').should('be.visible').click().type('admin');\ncy.get('#password').should('be.visible').click().type('admin');\ncy.get('span[onclick=\"login()\"]').click();\ncy.url().should('include', 'search.html');\ncy.contains('Log Out').click();",
              "err": {},
              "uuid": "ff67bc37-1f9f-4a33-a06b-5b2890382203",
              "parentUUID": "2ed6f937-b1b4-4e89-bf73-c847b3da13ab",
              "isHook": false,
              "skipped": false
            }
          ],
          "suites": [],
          "passes": [
            "ff67bc37-1f9f-4a33-a06b-5b2890382203"
          ],
          "failures": [],
          "pending": [],
          "skipped": [],
          "duration": 5568,
          "root": false,
          "rootEmpty": false,
          "_timeout": 2000
        }
      ],
      "passes": [],
      "failures": [],
      "pending": [],
      "skipped": [],
      "duration": 0,
      "root": true,
      "rootEmpty": true,
      "_timeout": 2000
    }
  ],
  "meta": {
    "mocha": {
      "version": "7.2.0"
    },
    "mochawesome": {
      "options": {
        "quiet": false,
        "reportFilename": "mochawesome",
        "saveHtml": true,
        "saveJson": true,
        "consoleReporter": "spec",
        "useInlineDiffs": false,
        "code": true
      },
      "version": "7.1.3"
    },
    "marge": {
      "options": {
        "id": "default",
        "reportDir": "cypress/reports/mochawesome",
        "overwrite": false,
        "html": true,
        "json": true
      },
      "version": "6.2.0"
    }
  }
}