{
  "stats": {
    "suites": 1,
    "tests": 1,
    "passes": 1,
    "pending": 0,
    "failures": 0,
    "start": "2025-08-31T07:43:43.165Z",
    "end": "2025-08-31T07:43:53.577Z",
    "duration": 10412,
    "testsRegistered": 1,
    "passPercent": 100,
    "pendingPercent": 0,
    "other": 0,
    "hasOther": false,
    "skipped": 0,
    "hasSkipped": false
  },
  "results": [
    {
      "uuid": "14e765d0-84d5-425d-9019-caf95c60e07e",
      "title": "",
      "fullFile": "cypress\\e2e\\bptravelLogin.cy.js",
      "file": "cypress\\e2e\\bptravelLogin.cy.js",
      "beforeHooks": [],
      "afterHooks": [],
      "tests": [],
      "suites": [
        {
          "uuid": "3b5b3a45-932a-409b-98d0-6e6ceaf38ba2",
          "title": "BP Travel Wesbite",
          "fullFile": "",
          "file": "",
          "beforeHooks": [],
          "afterHooks": [],
          "tests": [
            {
              "title": "Bp Travel Login",
              "fullTitle": "BP Travel Wesbite Bp Travel Login",
              "timedOut": null,
              "duration": 4626,
              "state": "passed",
              "speed": "fast",
              "pass": true,
              "fail": false,
              "pending": false,
              "context": null,
              "code": "cy.visit('https://bptravel.blueprism.com/');\ncy.get('#username').should('be.visible').click().type('admin');\ncy.get('#password').should('be.visible').click().type('admin');\ncy.get('span[onclick=\"login()\"]').click();\ncy.url().should('include', 'search.html');\ncy.contains('Log Out').click();",
              "err": {},
              "uuid": "d5be11fe-0eb1-4d16-92cb-74e661edd080",
              "parentUUID": "3b5b3a45-932a-409b-98d0-6e6ceaf38ba2",
              "isHook": false,
              "skipped": false
            }
          ],
          "suites": [],
          "passes": [
            "d5be11fe-0eb1-4d16-92cb-74e661edd080"
          ],
          "failures": [],
          "pending": [],
          "skipped": [],
          "duration": 4626,
          "root": false,
          "rootEmpty": false,
          "_timeout": 2000
        }
      ],
      "passes": [],
      "failures": [],
      "pending": [],
      "skipped": [],
      "duration": 0,
      "root": true,
      "rootEmpty": true,
      "_timeout": 2000
    }
  ],
  "meta": {
    "mocha": {
      "version": "7.2.0"
    },
    "mochawesome": {
      "options": {
        "quiet": false,
        "reportFilename": "mochawesome",
        "saveHtml": true,
        "saveJson": true,
        "consoleReporter": "spec",
        "useInlineDiffs": false,
        "code": true
      },
      "version": "7.1.3"
    },
    "marge": {
      "options": {
        "reportDir": "cypress/reports",
        "overwrite": false,
        "html": true,
        "json": true
      },
      "version": "6.2.0"
    }
  }
}