{
  "stats": {
    "suites": 1,
    "tests": 1,
    "passes": 1,
    "pending": 0,
    "failures": 0,
    "start": "2025-08-31T07:50:43.656Z",
    "end": "2025-08-31T07:50:53.277Z",
    "duration": 9621,
    "testsRegistered": 1,
    "passPercent": 100,
    "pendingPercent": 0,
    "other": 0,
    "hasOther": false,
    "skipped": 0,
    "hasSkipped": false
  },
  "results": [
    {
      "uuid": "bd37aca4-cd5b-45e6-baec-ec2a6d22ee54",
      "title": "",
      "fullFile": "cypress\\e2e\\bptravelLogin.cy.js",
      "file": "cypress\\e2e\\bptravelLogin.cy.js",
      "beforeHooks": [],
      "afterHooks": [],
      "tests": [],
      "suites": [
        {
          "uuid": "2b6a5b02-7f19-4172-b9c8-88585b7b6e23",
          "title": "BP Travel Wesbite",
          "fullFile": "",
          "file": "",
          "beforeHooks": [],
          "afterHooks": [],
          "tests": [
            {
              "title": "Bp Travel Login",
              "fullTitle": "BP Travel Wesbite Bp Travel Login",
              "timedOut": null,
              "duration": 5489,
              "state": "passed",
              "speed": "medium",
              "pass": true,
              "fail": false,
              "pending": false,
              "context": null,
              "code": "cy.visit('https://bptravel.blueprism.com/');\ncy.get('#username').should('be.visible').click().type('admin');\ncy.get('#password').should('be.visible').click().type('admin');\ncy.get('span[onclick=\"login()\"]').click();\ncy.url().should('include', 'search.html');\ncy.contains('Log Out').click();",
              "err": {},
              "uuid": "a3828b9c-0a4c-4144-9f70-abe303537443",
              "parentUUID": "2b6a5b02-7f19-4172-b9c8-88585b7b6e23",
              "isHook": false,
              "skipped": false
            }
          ],
          "suites": [],
          "passes": [
            "a3828b9c-0a4c-4144-9f70-abe303537443"
          ],
          "failures": [],
          "pending": [],
          "skipped": [],
          "duration": 5489,
          "root": false,
          "rootEmpty": false,
          "_timeout": 2000
        }
      ],
      "passes": [],
      "failures": [],
      "pending": [],
      "skipped": [],
      "duration": 0,
      "root": true,
      "rootEmpty": true,
      "_timeout": 2000
    }
  ],
  "meta": {
    "mocha": {
      "version": "7.2.0"
    },
    "mochawesome": {
      "options": {
        "quiet": false,
        "reportFilename": "mochawesome",
        "saveHtml": true,
        "saveJson": true,
        "consoleReporter": "spec",
        "useInlineDiffs": false,
        "code": true
      },
      "version": "7.1.3"
    },
    "marge": {
      "options": {
        "reportDir": "cypress/reports",
        "overwrite": false,
        "html": true,
        "json": true
      },
      "version": "6.2.0"
    }
  }
}